2019-09-14 20:33:35,958 INFO [C$C$1568493214_twinkle-original]                 Book.java:473  | 1 sheet in /var/www/html/uploads/C$C$1568493214_twinkle-original.pdf
2019-09-14 20:33:36,151 INFO []                 Book.java:1660 | Stored /book.xml
2019-09-14 20:33:36,151 INFO []                 Book.java:1613 | Book stored as /var/www/html/mxl/original/C$C$1568493214_twinkle-original/C$C$1568493214_twinkle-original.omr
2019-09-14 20:33:36,156 INFO []                 Book.java:1327 | Book reaching PAGE on sheets:[#1]
2019-09-14 20:33:36,158 INFO [C$C$1568493214_twinkle-original]       StepMonitoring.java:93   | LOAD
2019-09-14 20:33:36,464 INFO [C$C$1568493214_twinkle-original]                 Book.java:1226 | Loaded image 1 2549x3299 from /var/www/html/uploads/C$C$1568493214_twinkle-original.pdf
2019-09-14 20:33:36,467 INFO [C$C$1568493214_twinkle-original]       StepMonitoring.java:93   | BINARY
2019-09-14 20:33:37,285 INFO [C$C$1568493214_twinkle-original]       StepMonitoring.java:93   | SCALE
2019-09-14 20:33:37,313 INFO [C$C$1568493214_twinkle-original]         ScaleBuilder.java:557  | Second combo peak too different (170,171,171), ignored
2019-09-14 20:33:37,317 INFO [C$C$1568493214_twinkle-original]         ScaleBuilder.java:492  | Beam minHeight:6 maxHeight:19 quorum:1793
2019-09-14 20:33:37,317 INFO [C$C$1568493214_twinkle-original]         ScaleBuilder.java:235  | No beam key found, guessed value: 12
2019-09-14 20:33:37,318 INFO [C$C$1568493214_twinkle-original]            ScaleStep.java:84   | Scale{line(3,3,4) interline(21,21,22) beam(12 extra)}
2019-09-14 20:33:37,318 INFO [C$C$1568493214_twinkle-original]       StepMonitoring.java:93   | GRID
2019-09-14 20:33:37,669 INFO [C$C$1568493214_twinkle-original]       LinesRetriever.java:447  | Global slope: 0.00000
2019-09-14 20:33:37,707 INFO [C$C$1568493214_twinkle-original]    ClustersRetriever.java:235  | Retrieved line clusters: 8 of size: 5 with interline: interline(21,21,22)
2019-09-14 20:33:37,883 INFO [C$C$1568493214_twinkle-original]            PeakGraph.java:177  | Systems: #1[1, 2] #2[3, 4] #3[5, 6] #4[7, 8]
2019-09-14 20:33:38,242 INFO [C$C$1568493214_twinkle-original]        SystemManager.java:648  | Indentation detected for system#1
2019-09-14 20:33:38,243 INFO [C$C$1568493214_twinkle-original]        SystemManager.java:731  | 1 part along 4 systems
2019-09-14 20:33:38,244 INFO [C$C$1568493214_twinkle-original]       StepMonitoring.java:93   | HEADERS
2019-09-14 20:33:38,449 INFO [C$C$1568493214_twinkle-original]      BasicClassifier.java:362  | Classifier loaded XML norms.
2019-09-14 20:33:38,454 INFO [C$C$1568493214_twinkle-original]   AbstractClassifier.java:348  | Classifier data loaded from default uri file:///home/shintyl/audiveris/res/basic-classifier.zip
2019-09-14 20:33:39,424 INFO [C$C$1568493214_twinkle-original]       StepMonitoring.java:93   | STEM_SEEDS
2019-09-14 20:33:39,481 INFO [C$C$1568493214_twinkle-original]        StemSeedsStep.java:93   | stem(3 max:4)
2019-09-14 20:33:39,552 INFO [C$C$1568493214_twinkle-original]       StepMonitoring.java:93   | BEAMS
2019-09-14 20:33:44,930 INFO [C$C$1568493214_twinkle-original]       BlackHeadSizer.java:95   | Spots black-head retrieval diameter: 18.9
2019-09-14 20:33:45,048 INFO [C$C$1568493214_twinkle-original]       BlackHeadSizer.java:243  | Core black head count: 26 blackHead(width:26.1~0.3 height:22.7~1.5)
2019-09-14 20:33:45,051 INFO [C$C$1568493214_twinkle-original]       BlackHeadSizer.java:248  | MusicFont{name:MusicalSymbols pointSize:87}
2019-09-14 20:33:45,169 INFO [C$C$1568493214_twinkle-original]       StepMonitoring.java:93   | LEDGERS
2019-09-14 20:33:45,536 INFO [C$C$1568493214_twinkle-original]       StepMonitoring.java:93   | HEADS
2019-09-14 20:33:48,480 INFO [C$C$1568493214_twinkle-original]       StepMonitoring.java:93   | STEMS
2019-09-14 20:33:48,706 INFO [C$C$1568493214_twinkle-original]       StepMonitoring.java:93   | REDUCTION
2019-09-14 20:33:48,751 INFO [C$C$1568493214_twinkle-original]       StepMonitoring.java:93   | CUE_BEAMS
2019-09-14 20:33:48,752 INFO [C$C$1568493214_twinkle-original]       StepMonitoring.java:93   | TEXTS
2019-09-14 20:33:48,754 WARN [C$C$1568493214_twinkle-original]            TextsStep.java:82   | TEXTS step: No OCR is available!
2019-09-14 20:33:48,761 INFO [C$C$1568493214_twinkle-original]       StepMonitoring.java:93   | MEASURES
2019-09-14 20:33:48,771 INFO [C$C$1568493214_twinkle-original]                 Page.java:251  | 24 raw measures: [6 in system#1, 6 in system#2, 6 in system#3, 6 in system#4]
2019-09-14 20:33:48,771 INFO [C$C$1568493214_twinkle-original]       StepMonitoring.java:93   | CHORDS
2019-09-14 20:33:48,797 INFO [C$C$1568493214_twinkle-original]       StepMonitoring.java:93   | CURVES
2019-09-14 20:33:50,361 INFO [C$C$1568493214_twinkle-original]         SlursBuilder.java:156  | Slurs: 5
2019-09-14 20:33:50,374 INFO [C$C$1568493214_twinkle-original]      SegmentsBuilder.java:110  | Segments: 6
2019-09-14 20:33:50,379 INFO [C$C$1568493214_twinkle-original]       StepMonitoring.java:93   | SYMBOLS
2019-09-14 20:33:50,752 INFO [C$C$1568493214_twinkle-original]         InterFactory.java:517  | No support yet for TIME_ZERO
2019-09-14 20:33:50,832 INFO [C$C$1568493214_twinkle-original]       SymbolsBuilder.java:331  | Symbol parts shrunk from 8 to 7
2019-09-14 20:33:50,920 INFO [C$C$1568493214_twinkle-original]       SymbolsBuilder.java:331  | Symbol parts shrunk from 24 to 7
2019-09-14 20:33:50,973 INFO [C$C$1568493214_twinkle-original]       SymbolsBuilder.java:331  | Symbol parts shrunk from 11 to 7
2019-09-14 20:33:51,023 INFO [C$C$1568493214_twinkle-original]       SymbolsBuilder.java:331  | Symbol parts shrunk from 9 to 7
2019-09-14 20:33:51,053 INFO [C$C$1568493214_twinkle-original]         InterFactory.java:517  | No support yet for TIME_ZERO
2019-09-14 20:33:51,062 INFO [C$C$1568493214_twinkle-original]         InterFactory.java:517  | No support yet for TIME_ZERO
2019-09-14 20:33:51,094 INFO [C$C$1568493214_twinkle-original]       SymbolsBuilder.java:331  | Symbol parts shrunk from 17 to 7
2019-09-14 20:33:51,130 INFO [C$C$1568493214_twinkle-original]       StepMonitoring.java:93   | LINKS
2019-09-14 20:33:51,150 INFO [C$C$1568493214_twinkle-original]       StepMonitoring.java:93   | RHYTHMS
2019-09-14 20:33:51,185 INFO [C$C$1568493214_twinkle-original]       StepMonitoring.java:93   | PAGE
2019-09-14 20:33:51,192 INFO [C$C$1568493214_twinkle-original]            SheetStub.java:974  | Stub#1 storing
2019-09-14 20:33:51,195 INFO [C$C$1568493214_twinkle-original]                 Book.java:1660 | Stored /book.xml
2019-09-14 20:33:51,429 INFO [C$C$1568493214_twinkle-original]              Picture.java:784  | Stored /sheet#1/BINARY.xml
2019-09-14 20:33:51,988 INFO [C$C$1568493214_twinkle-original]                Sheet.java:1246 | Stored /sheet#1/sheet#1.xml
2019-09-14 20:33:51,990 INFO [C$C$1568493214_twinkle-original]            SheetStub.java:979  | Sheet{C$C$1568493214_twinkle-original} disposed
2019-09-14 20:33:52,505 INFO [C$C$1568493214_twinkle-original]            SheetStub.java:632  | Loaded /sheet#1/sheet#1.xml
2019-09-14 20:33:52,507 INFO [C$C$1568493214_twinkle-original]                 Book.java:1451 | Scores built: 1
2019-09-14 20:33:53,286 INFO [C$C$1568493214_twinkle-original]        ScoreExporter.java:88   | Score C$C$1568493214_twinkle-original exported to /var/www/html/mxl/original/C$C$1568493214_twinkle-original/C$C$1568493214_twinkle-original.mxl
2019-09-14 20:33:53,433 INFO [C$C$1568493214_twinkle-original]                 Book.java:1660 | Stored /book.xml
2019-09-14 20:33:53,433 INFO [C$C$1568493214_twinkle-original]                 Book.java:1613 | Book stored as /var/www/html/mxl/original/C$C$1568493214_twinkle-original/C$C$1568493214_twinkle-original.omr
