2019-09-14 20:12:07,888 INFO [Eb$Bb$1568491926_twinkle]                 Book.java:473  | 1 sheet in /var/www/html/uploads/Eb$Bb$1568491926_twinkle.pdf
2019-09-14 20:12:08,087 INFO []                 Book.java:1660 | Stored /book.xml
2019-09-14 20:12:08,088 INFO []                 Book.java:1613 | Book stored as /var/www/html/mxl/original/Eb$Bb$1568491926_twinkle/Eb$Bb$1568491926_twinkle.omr
2019-09-14 20:12:08,093 INFO []                 Book.java:1327 | Book reaching PAGE on sheets:[#1]
2019-09-14 20:12:08,095 INFO [Eb$Bb$1568491926_twinkle]       StepMonitoring.java:93   | LOAD
2019-09-14 20:12:08,412 INFO [Eb$Bb$1568491926_twinkle]                 Book.java:1226 | Loaded image 1 2549x3299 from /var/www/html/uploads/Eb$Bb$1568491926_twinkle.pdf
2019-09-14 20:12:08,416 INFO [Eb$Bb$1568491926_twinkle]       StepMonitoring.java:93   | BINARY
2019-09-14 20:12:09,230 INFO [Eb$Bb$1568491926_twinkle]       StepMonitoring.java:93   | SCALE
2019-09-14 20:12:09,260 INFO [Eb$Bb$1568491926_twinkle]         ScaleBuilder.java:557  | Second combo peak too different (170,171,171), ignored
2019-09-14 20:12:09,264 INFO [Eb$Bb$1568491926_twinkle]         ScaleBuilder.java:492  | Beam minHeight:6 maxHeight:19 quorum:1793
2019-09-14 20:12:09,265 INFO [Eb$Bb$1568491926_twinkle]         ScaleBuilder.java:235  | No beam key found, guessed value: 12
2019-09-14 20:12:09,266 INFO [Eb$Bb$1568491926_twinkle]            ScaleStep.java:84   | Scale{line(3,3,4) interline(21,21,22) beam(12 extra)}
2019-09-14 20:12:09,267 INFO [Eb$Bb$1568491926_twinkle]       StepMonitoring.java:93   | GRID
2019-09-14 20:12:09,588 INFO [Eb$Bb$1568491926_twinkle]       LinesRetriever.java:447  | Global slope: 0.00000
2019-09-14 20:12:09,625 INFO [Eb$Bb$1568491926_twinkle]    ClustersRetriever.java:235  | Retrieved line clusters: 8 of size: 5 with interline: interline(21,21,22)
2019-09-14 20:12:09,806 INFO [Eb$Bb$1568491926_twinkle]            PeakGraph.java:177  | Systems: #1[1, 2] #2[3, 4] #3[5, 6] #4[7, 8]
2019-09-14 20:12:10,073 INFO [Eb$Bb$1568491926_twinkle]        SystemManager.java:648  | Indentation detected for system#1
2019-09-14 20:12:10,074 INFO [Eb$Bb$1568491926_twinkle]        SystemManager.java:731  | 1 part along 4 systems
2019-09-14 20:12:10,076 INFO [Eb$Bb$1568491926_twinkle]       StepMonitoring.java:93   | HEADERS
2019-09-14 20:12:10,272 INFO [Eb$Bb$1568491926_twinkle]      BasicClassifier.java:362  | Classifier loaded XML norms.
2019-09-14 20:12:10,276 INFO [Eb$Bb$1568491926_twinkle]   AbstractClassifier.java:348  | Classifier data loaded from default uri file:///home/shintyl/audiveris/res/basic-classifier.zip
2019-09-14 20:12:11,196 INFO [Eb$Bb$1568491926_twinkle]       StepMonitoring.java:93   | STEM_SEEDS
2019-09-14 20:12:11,299 INFO [Eb$Bb$1568491926_twinkle]        StemSeedsStep.java:93   | stem(3 max:4)
2019-09-14 20:12:11,354 INFO [Eb$Bb$1568491926_twinkle]       StepMonitoring.java:93   | BEAMS
2019-09-14 20:12:16,683 INFO [Eb$Bb$1568491926_twinkle]       BlackHeadSizer.java:95   | Spots black-head retrieval diameter: 18.9
2019-09-14 20:12:16,775 INFO [Eb$Bb$1568491926_twinkle]       BlackHeadSizer.java:243  | Core black head count: 26 blackHead(width:26.1~0.3 height:22.7~1.5)
2019-09-14 20:12:16,778 INFO [Eb$Bb$1568491926_twinkle]       BlackHeadSizer.java:248  | MusicFont{name:MusicalSymbols pointSize:87}
2019-09-14 20:12:16,865 INFO [Eb$Bb$1568491926_twinkle]       StepMonitoring.java:93   | LEDGERS
2019-09-14 20:12:17,154 INFO [Eb$Bb$1568491926_twinkle]       StepMonitoring.java:93   | HEADS
2019-09-14 20:12:19,948 INFO [Eb$Bb$1568491926_twinkle]       StepMonitoring.java:93   | STEMS
2019-09-14 20:12:20,089 INFO [Eb$Bb$1568491926_twinkle]       StepMonitoring.java:93   | REDUCTION
2019-09-14 20:12:20,127 INFO [Eb$Bb$1568491926_twinkle]       StepMonitoring.java:93   | CUE_BEAMS
2019-09-14 20:12:20,128 INFO [Eb$Bb$1568491926_twinkle]       StepMonitoring.java:93   | TEXTS
2019-09-14 20:12:20,131 WARN [Eb$Bb$1568491926_twinkle]            TextsStep.java:82   | TEXTS step: No OCR is available!
2019-09-14 20:12:20,138 INFO [Eb$Bb$1568491926_twinkle]       StepMonitoring.java:93   | MEASURES
2019-09-14 20:12:20,148 INFO [Eb$Bb$1568491926_twinkle]                 Page.java:251  | 24 raw measures: [6 in system#1, 6 in system#2, 6 in system#3, 6 in system#4]
2019-09-14 20:12:20,149 INFO [Eb$Bb$1568491926_twinkle]       StepMonitoring.java:93   | CHORDS
2019-09-14 20:12:20,163 INFO [Eb$Bb$1568491926_twinkle]       StepMonitoring.java:93   | CURVES
2019-09-14 20:12:21,456 INFO [Eb$Bb$1568491926_twinkle]         SlursBuilder.java:156  | Slurs: 5
2019-09-14 20:12:21,469 INFO [Eb$Bb$1568491926_twinkle]      SegmentsBuilder.java:110  | Segments: 6
2019-09-14 20:12:21,473 INFO [Eb$Bb$1568491926_twinkle]       StepMonitoring.java:93   | SYMBOLS
2019-09-14 20:12:21,800 INFO [Eb$Bb$1568491926_twinkle]         InterFactory.java:517  | No support yet for TIME_ZERO
2019-09-14 20:12:21,878 INFO [Eb$Bb$1568491926_twinkle]       SymbolsBuilder.java:331  | Symbol parts shrunk from 8 to 7
2019-09-14 20:12:21,956 INFO [Eb$Bb$1568491926_twinkle]       SymbolsBuilder.java:331  | Symbol parts shrunk from 24 to 7
2019-09-14 20:12:22,006 INFO [Eb$Bb$1568491926_twinkle]       SymbolsBuilder.java:331  | Symbol parts shrunk from 11 to 7
2019-09-14 20:12:22,046 INFO [Eb$Bb$1568491926_twinkle]       SymbolsBuilder.java:331  | Symbol parts shrunk from 9 to 7
2019-09-14 20:12:22,072 INFO [Eb$Bb$1568491926_twinkle]         InterFactory.java:517  | No support yet for TIME_ZERO
2019-09-14 20:12:22,077 INFO [Eb$Bb$1568491926_twinkle]         InterFactory.java:517  | No support yet for TIME_ZERO
2019-09-14 20:12:22,098 INFO [Eb$Bb$1568491926_twinkle]       SymbolsBuilder.java:331  | Symbol parts shrunk from 17 to 7
2019-09-14 20:12:22,143 INFO [Eb$Bb$1568491926_twinkle]       StepMonitoring.java:93   | LINKS
2019-09-14 20:12:22,165 INFO [Eb$Bb$1568491926_twinkle]       StepMonitoring.java:93   | RHYTHMS
2019-09-14 20:12:22,202 INFO [Eb$Bb$1568491926_twinkle]       StepMonitoring.java:93   | PAGE
2019-09-14 20:12:22,207 INFO [Eb$Bb$1568491926_twinkle]            SheetStub.java:974  | Stub#1 storing
2019-09-14 20:12:22,212 INFO [Eb$Bb$1568491926_twinkle]                 Book.java:1660 | Stored /book.xml
2019-09-14 20:12:22,421 INFO [Eb$Bb$1568491926_twinkle]              Picture.java:784  | Stored /sheet#1/BINARY.xml
2019-09-14 20:12:23,002 INFO [Eb$Bb$1568491926_twinkle]                Sheet.java:1246 | Stored /sheet#1/sheet#1.xml
2019-09-14 20:12:23,004 INFO [Eb$Bb$1568491926_twinkle]            SheetStub.java:979  | Sheet{Eb$Bb$1568491926_twinkle} disposed
2019-09-14 20:12:23,492 INFO [Eb$Bb$1568491926_twinkle]            SheetStub.java:632  | Loaded /sheet#1/sheet#1.xml
2019-09-14 20:12:23,493 INFO [Eb$Bb$1568491926_twinkle]                 Book.java:1451 | Scores built: 1
2019-09-14 20:12:24,364 INFO [Eb$Bb$1568491926_twinkle]        ScoreExporter.java:88   | Score Eb$Bb$1568491926_twinkle exported to /var/www/html/mxl/original/Eb$Bb$1568491926_twinkle/Eb$Bb$1568491926_twinkle.mxl
2019-09-14 20:12:24,472 INFO [Eb$Bb$1568491926_twinkle]                 Book.java:1660 | Stored /book.xml
2019-09-14 20:12:24,473 INFO [Eb$Bb$1568491926_twinkle]                 Book.java:1613 | Book stored as /var/www/html/mxl/original/Eb$Bb$1568491926_twinkle/Eb$Bb$1568491926_twinkle.omr
