2019-09-14 20:25:36,173 INFO [C$C$1568492734_twinkle-original]                 Book.java:473  | 1 sheet in /var/www/html/uploads/C$C$1568492734_twinkle-original.pdf
2019-09-14 20:25:36,367 INFO []                 Book.java:1660 | Stored /book.xml
2019-09-14 20:25:36,367 INFO []                 Book.java:1613 | Book stored as /var/www/html/mxl/original/C$C$1568492734_twinkle-original/C$C$1568492734_twinkle-original.omr
2019-09-14 20:25:36,371 INFO []                 Book.java:1327 | Book reaching PAGE on sheets:[#1]
2019-09-14 20:25:36,372 INFO [C$C$1568492734_twinkle-original]       StepMonitoring.java:93   | LOAD
2019-09-14 20:25:36,633 INFO [C$C$1568492734_twinkle-original]                 Book.java:1226 | Loaded image 1 2549x3299 from /var/www/html/uploads/C$C$1568492734_twinkle-original.pdf
2019-09-14 20:25:36,636 INFO [C$C$1568492734_twinkle-original]       StepMonitoring.java:93   | BINARY
2019-09-14 20:25:37,367 INFO [C$C$1568492734_twinkle-original]       StepMonitoring.java:93   | SCALE
2019-09-14 20:25:37,392 INFO [C$C$1568492734_twinkle-original]         ScaleBuilder.java:557  | Second combo peak too different (170,171,171), ignored
2019-09-14 20:25:37,395 INFO [C$C$1568492734_twinkle-original]         ScaleBuilder.java:492  | Beam minHeight:6 maxHeight:19 quorum:1793
2019-09-14 20:25:37,396 INFO [C$C$1568492734_twinkle-original]         ScaleBuilder.java:235  | No beam key found, guessed value: 12
2019-09-14 20:25:37,397 INFO [C$C$1568492734_twinkle-original]            ScaleStep.java:84   | Scale{line(3,3,4) interline(21,21,22) beam(12 extra)}
2019-09-14 20:25:37,397 INFO [C$C$1568492734_twinkle-original]       StepMonitoring.java:93   | GRID
2019-09-14 20:25:37,707 INFO [C$C$1568492734_twinkle-original]       LinesRetriever.java:447  | Global slope: 0.00000
2019-09-14 20:25:37,737 INFO [C$C$1568492734_twinkle-original]    ClustersRetriever.java:235  | Retrieved line clusters: 8 of size: 5 with interline: interline(21,21,22)
2019-09-14 20:25:37,954 INFO [C$C$1568492734_twinkle-original]            PeakGraph.java:177  | Systems: #1[1, 2] #2[3, 4] #3[5, 6] #4[7, 8]
2019-09-14 20:25:38,276 INFO [C$C$1568492734_twinkle-original]        SystemManager.java:648  | Indentation detected for system#1
2019-09-14 20:25:38,277 INFO [C$C$1568492734_twinkle-original]        SystemManager.java:731  | 1 part along 4 systems
2019-09-14 20:25:38,278 INFO [C$C$1568492734_twinkle-original]       StepMonitoring.java:93   | HEADERS
2019-09-14 20:25:38,488 INFO [C$C$1568492734_twinkle-original]      BasicClassifier.java:362  | Classifier loaded XML norms.
2019-09-14 20:25:38,492 INFO [C$C$1568492734_twinkle-original]   AbstractClassifier.java:348  | Classifier data loaded from default uri file:///home/shintyl/audiveris/res/basic-classifier.zip
2019-09-14 20:25:39,580 INFO [C$C$1568492734_twinkle-original]       StepMonitoring.java:93   | STEM_SEEDS
2019-09-14 20:25:39,651 INFO [C$C$1568492734_twinkle-original]        StemSeedsStep.java:93   | stem(3 max:4)
2019-09-14 20:25:39,696 INFO [C$C$1568492734_twinkle-original]       StepMonitoring.java:93   | BEAMS
2019-09-14 20:25:45,092 INFO [C$C$1568492734_twinkle-original]       BlackHeadSizer.java:95   | Spots black-head retrieval diameter: 18.9
2019-09-14 20:25:45,201 INFO [C$C$1568492734_twinkle-original]       BlackHeadSizer.java:243  | Core black head count: 26 blackHead(width:26.1~0.3 height:22.7~1.5)
2019-09-14 20:25:45,204 INFO [C$C$1568492734_twinkle-original]       BlackHeadSizer.java:248  | MusicFont{name:MusicalSymbols pointSize:87}
2019-09-14 20:25:45,305 INFO [C$C$1568492734_twinkle-original]       StepMonitoring.java:93   | LEDGERS
2019-09-14 20:25:45,585 INFO [C$C$1568492734_twinkle-original]       StepMonitoring.java:93   | HEADS
2019-09-14 20:25:48,282 INFO [C$C$1568492734_twinkle-original]       StepMonitoring.java:93   | STEMS
2019-09-14 20:25:48,431 INFO [C$C$1568492734_twinkle-original]       StepMonitoring.java:93   | REDUCTION
2019-09-14 20:25:48,459 INFO [C$C$1568492734_twinkle-original]       StepMonitoring.java:93   | CUE_BEAMS
2019-09-14 20:25:48,462 INFO [C$C$1568492734_twinkle-original]       StepMonitoring.java:93   | TEXTS
2019-09-14 20:25:48,469 WARN [C$C$1568492734_twinkle-original]            TextsStep.java:82   | TEXTS step: No OCR is available!
2019-09-14 20:25:48,475 INFO [C$C$1568492734_twinkle-original]       StepMonitoring.java:93   | MEASURES
2019-09-14 20:25:48,486 INFO [C$C$1568492734_twinkle-original]                 Page.java:251  | 24 raw measures: [6 in system#1, 6 in system#2, 6 in system#3, 6 in system#4]
2019-09-14 20:25:48,486 INFO [C$C$1568492734_twinkle-original]       StepMonitoring.java:93   | CHORDS
2019-09-14 20:25:48,502 INFO [C$C$1568492734_twinkle-original]       StepMonitoring.java:93   | CURVES
2019-09-14 20:25:49,828 INFO [C$C$1568492734_twinkle-original]         SlursBuilder.java:156  | Slurs: 5
2019-09-14 20:25:49,838 INFO [C$C$1568492734_twinkle-original]      SegmentsBuilder.java:110  | Segments: 6
2019-09-14 20:25:49,842 INFO [C$C$1568492734_twinkle-original]       StepMonitoring.java:93   | SYMBOLS
2019-09-14 20:25:50,155 INFO [C$C$1568492734_twinkle-original]         InterFactory.java:517  | No support yet for TIME_ZERO
2019-09-14 20:25:50,242 INFO [C$C$1568492734_twinkle-original]       SymbolsBuilder.java:331  | Symbol parts shrunk from 8 to 7
2019-09-14 20:25:50,323 INFO [C$C$1568492734_twinkle-original]       SymbolsBuilder.java:331  | Symbol parts shrunk from 24 to 7
2019-09-14 20:25:50,369 INFO [C$C$1568492734_twinkle-original]       SymbolsBuilder.java:331  | Symbol parts shrunk from 11 to 7
2019-09-14 20:25:50,408 INFO [C$C$1568492734_twinkle-original]       SymbolsBuilder.java:331  | Symbol parts shrunk from 9 to 7
2019-09-14 20:25:50,433 INFO [C$C$1568492734_twinkle-original]         InterFactory.java:517  | No support yet for TIME_ZERO
2019-09-14 20:25:50,438 INFO [C$C$1568492734_twinkle-original]         InterFactory.java:517  | No support yet for TIME_ZERO
2019-09-14 20:25:50,463 INFO [C$C$1568492734_twinkle-original]       SymbolsBuilder.java:331  | Symbol parts shrunk from 17 to 7
2019-09-14 20:25:50,498 INFO [C$C$1568492734_twinkle-original]       StepMonitoring.java:93   | LINKS
2019-09-14 20:25:50,518 INFO [C$C$1568492734_twinkle-original]       StepMonitoring.java:93   | RHYTHMS
2019-09-14 20:25:50,554 INFO [C$C$1568492734_twinkle-original]       StepMonitoring.java:93   | PAGE
2019-09-14 20:25:50,559 INFO [C$C$1568492734_twinkle-original]            SheetStub.java:974  | Stub#1 storing
2019-09-14 20:25:50,562 INFO [C$C$1568492734_twinkle-original]                 Book.java:1660 | Stored /book.xml
2019-09-14 20:25:50,732 INFO [C$C$1568492734_twinkle-original]              Picture.java:784  | Stored /sheet#1/BINARY.xml
2019-09-14 20:25:51,253 INFO [C$C$1568492734_twinkle-original]                Sheet.java:1246 | Stored /sheet#1/sheet#1.xml
2019-09-14 20:25:51,255 INFO [C$C$1568492734_twinkle-original]            SheetStub.java:979  | Sheet{C$C$1568492734_twinkle-original} disposed
2019-09-14 20:25:51,719 INFO [C$C$1568492734_twinkle-original]            SheetStub.java:632  | Loaded /sheet#1/sheet#1.xml
2019-09-14 20:25:51,720 INFO [C$C$1568492734_twinkle-original]                 Book.java:1451 | Scores built: 1
2019-09-14 20:25:52,530 INFO [C$C$1568492734_twinkle-original]        ScoreExporter.java:88   | Score C$C$1568492734_twinkle-original exported to /var/www/html/mxl/original/C$C$1568492734_twinkle-original/C$C$1568492734_twinkle-original.mxl
2019-09-14 20:25:52,645 INFO [C$C$1568492734_twinkle-original]                 Book.java:1660 | Stored /book.xml
2019-09-14 20:25:52,645 INFO [C$C$1568492734_twinkle-original]                 Book.java:1613 | Book stored as /var/www/html/mxl/original/C$C$1568492734_twinkle-original/C$C$1568492734_twinkle-original.omr
