2019-09-14 20:35:19,231 INFO [C$C$1568493317_twinkle-original]                 Book.java:473  | 1 sheet in /var/www/html/uploads/C$C$1568493317_twinkle-original.pdf
2019-09-14 20:35:19,428 INFO []                 Book.java:1660 | Stored /book.xml
2019-09-14 20:35:19,429 INFO []                 Book.java:1613 | Book stored as /var/www/html/mxl/original/C$C$1568493317_twinkle-original/C$C$1568493317_twinkle-original.omr
2019-09-14 20:35:19,432 INFO []                 Book.java:1327 | Book reaching PAGE on sheets:[#1]
2019-09-14 20:35:19,433 INFO [C$C$1568493317_twinkle-original]       StepMonitoring.java:93   | LOAD
2019-09-14 20:35:19,714 INFO [C$C$1568493317_twinkle-original]                 Book.java:1226 | Loaded image 1 2549x3299 from /var/www/html/uploads/C$C$1568493317_twinkle-original.pdf
2019-09-14 20:35:19,717 INFO [C$C$1568493317_twinkle-original]       StepMonitoring.java:93   | BINARY
2019-09-14 20:35:20,468 INFO [C$C$1568493317_twinkle-original]       StepMonitoring.java:93   | SCALE
2019-09-14 20:35:20,498 INFO [C$C$1568493317_twinkle-original]         ScaleBuilder.java:557  | Second combo peak too different (170,171,171), ignored
2019-09-14 20:35:20,502 INFO [C$C$1568493317_twinkle-original]         ScaleBuilder.java:492  | Beam minHeight:6 maxHeight:19 quorum:1793
2019-09-14 20:35:20,502 INFO [C$C$1568493317_twinkle-original]         ScaleBuilder.java:235  | No beam key found, guessed value: 12
2019-09-14 20:35:20,503 INFO [C$C$1568493317_twinkle-original]            ScaleStep.java:84   | Scale{line(3,3,4) interline(21,21,22) beam(12 extra)}
2019-09-14 20:35:20,503 INFO [C$C$1568493317_twinkle-original]       StepMonitoring.java:93   | GRID
2019-09-14 20:35:20,865 INFO [C$C$1568493317_twinkle-original]       LinesRetriever.java:447  | Global slope: 0.00000
2019-09-14 20:35:20,905 INFO [C$C$1568493317_twinkle-original]    ClustersRetriever.java:235  | Retrieved line clusters: 8 of size: 5 with interline: interline(21,21,22)
2019-09-14 20:35:21,086 INFO [C$C$1568493317_twinkle-original]            PeakGraph.java:177  | Systems: #1[1, 2] #2[3, 4] #3[5, 6] #4[7, 8]
2019-09-14 20:35:21,437 INFO [C$C$1568493317_twinkle-original]        SystemManager.java:648  | Indentation detected for system#1
2019-09-14 20:35:21,439 INFO [C$C$1568493317_twinkle-original]        SystemManager.java:731  | 1 part along 4 systems
2019-09-14 20:35:21,441 INFO [C$C$1568493317_twinkle-original]       StepMonitoring.java:93   | HEADERS
2019-09-14 20:35:21,645 INFO [C$C$1568493317_twinkle-original]      BasicClassifier.java:362  | Classifier loaded XML norms.
2019-09-14 20:35:21,648 INFO [C$C$1568493317_twinkle-original]   AbstractClassifier.java:348  | Classifier data loaded from default uri file:///home/shintyl/audiveris/res/basic-classifier.zip
2019-09-14 20:35:22,660 INFO [C$C$1568493317_twinkle-original]       StepMonitoring.java:93   | STEM_SEEDS
2019-09-14 20:35:22,727 INFO [C$C$1568493317_twinkle-original]        StemSeedsStep.java:93   | stem(3 max:4)
2019-09-14 20:35:22,777 INFO [C$C$1568493317_twinkle-original]       StepMonitoring.java:93   | BEAMS
2019-09-14 20:35:28,063 INFO [C$C$1568493317_twinkle-original]       BlackHeadSizer.java:95   | Spots black-head retrieval diameter: 18.9
2019-09-14 20:35:28,165 INFO [C$C$1568493317_twinkle-original]       BlackHeadSizer.java:243  | Core black head count: 26 blackHead(width:26.1~0.3 height:22.7~1.5)
2019-09-14 20:35:28,167 INFO [C$C$1568493317_twinkle-original]       BlackHeadSizer.java:248  | MusicFont{name:MusicalSymbols pointSize:87}
2019-09-14 20:35:28,247 INFO [C$C$1568493317_twinkle-original]       StepMonitoring.java:93   | LEDGERS
2019-09-14 20:35:28,582 INFO [C$C$1568493317_twinkle-original]       StepMonitoring.java:93   | HEADS
2019-09-14 20:35:31,519 INFO [C$C$1568493317_twinkle-original]       StepMonitoring.java:93   | STEMS
2019-09-14 20:35:31,695 INFO [C$C$1568493317_twinkle-original]       StepMonitoring.java:93   | REDUCTION
2019-09-14 20:35:31,727 INFO [C$C$1568493317_twinkle-original]       StepMonitoring.java:93   | CUE_BEAMS
2019-09-14 20:35:31,728 INFO [C$C$1568493317_twinkle-original]       StepMonitoring.java:93   | TEXTS
2019-09-14 20:35:31,730 WARN [C$C$1568493317_twinkle-original]            TextsStep.java:82   | TEXTS step: No OCR is available!
2019-09-14 20:35:31,738 INFO [C$C$1568493317_twinkle-original]       StepMonitoring.java:93   | MEASURES
2019-09-14 20:35:31,748 INFO [C$C$1568493317_twinkle-original]                 Page.java:251  | 24 raw measures: [6 in system#1, 6 in system#2, 6 in system#3, 6 in system#4]
2019-09-14 20:35:31,749 INFO [C$C$1568493317_twinkle-original]       StepMonitoring.java:93   | CHORDS
2019-09-14 20:35:31,765 INFO [C$C$1568493317_twinkle-original]       StepMonitoring.java:93   | CURVES
2019-09-14 20:35:33,016 INFO [C$C$1568493317_twinkle-original]         SlursBuilder.java:156  | Slurs: 5
2019-09-14 20:35:33,030 INFO [C$C$1568493317_twinkle-original]      SegmentsBuilder.java:110  | Segments: 6
2019-09-14 20:35:33,035 INFO [C$C$1568493317_twinkle-original]       StepMonitoring.java:93   | SYMBOLS
2019-09-14 20:35:33,355 INFO [C$C$1568493317_twinkle-original]         InterFactory.java:517  | No support yet for TIME_ZERO
2019-09-14 20:35:33,446 INFO [C$C$1568493317_twinkle-original]       SymbolsBuilder.java:331  | Symbol parts shrunk from 8 to 7
2019-09-14 20:35:33,535 INFO [C$C$1568493317_twinkle-original]       SymbolsBuilder.java:331  | Symbol parts shrunk from 24 to 7
2019-09-14 20:35:33,598 INFO [C$C$1568493317_twinkle-original]       SymbolsBuilder.java:331  | Symbol parts shrunk from 11 to 7
2019-09-14 20:35:33,652 INFO [C$C$1568493317_twinkle-original]       SymbolsBuilder.java:331  | Symbol parts shrunk from 9 to 7
2019-09-14 20:35:33,694 INFO [C$C$1568493317_twinkle-original]         InterFactory.java:517  | No support yet for TIME_ZERO
2019-09-14 20:35:33,701 INFO [C$C$1568493317_twinkle-original]         InterFactory.java:517  | No support yet for TIME_ZERO
2019-09-14 20:35:33,740 INFO [C$C$1568493317_twinkle-original]       SymbolsBuilder.java:331  | Symbol parts shrunk from 17 to 7
2019-09-14 20:35:33,777 INFO [C$C$1568493317_twinkle-original]       StepMonitoring.java:93   | LINKS
2019-09-14 20:35:33,793 INFO [C$C$1568493317_twinkle-original]       StepMonitoring.java:93   | RHYTHMS
2019-09-14 20:35:33,827 INFO [C$C$1568493317_twinkle-original]       StepMonitoring.java:93   | PAGE
2019-09-14 20:35:33,832 INFO [C$C$1568493317_twinkle-original]            SheetStub.java:974  | Stub#1 storing
2019-09-14 20:35:33,835 INFO [C$C$1568493317_twinkle-original]                 Book.java:1660 | Stored /book.xml
2019-09-14 20:35:34,040 INFO [C$C$1568493317_twinkle-original]              Picture.java:784  | Stored /sheet#1/BINARY.xml
2019-09-14 20:35:34,580 INFO [C$C$1568493317_twinkle-original]                Sheet.java:1246 | Stored /sheet#1/sheet#1.xml
2019-09-14 20:35:34,581 INFO [C$C$1568493317_twinkle-original]            SheetStub.java:979  | Sheet{C$C$1568493317_twinkle-original} disposed
2019-09-14 20:35:35,028 INFO [C$C$1568493317_twinkle-original]            SheetStub.java:632  | Loaded /sheet#1/sheet#1.xml
2019-09-14 20:35:35,029 INFO [C$C$1568493317_twinkle-original]                 Book.java:1451 | Scores built: 1
2019-09-14 20:35:35,811 INFO [C$C$1568493317_twinkle-original]        ScoreExporter.java:88   | Score C$C$1568493317_twinkle-original exported to /var/www/html/mxl/original/C$C$1568493317_twinkle-original/C$C$1568493317_twinkle-original.mxl
2019-09-14 20:35:35,958 INFO [C$C$1568493317_twinkle-original]                 Book.java:1660 | Stored /book.xml
2019-09-14 20:35:35,959 INFO [C$C$1568493317_twinkle-original]                 Book.java:1613 | Book stored as /var/www/html/mxl/original/C$C$1568493317_twinkle-original/C$C$1568493317_twinkle-original.omr
