2019-09-14 20:26:54,030 INFO [Eb$C$1568492812_twinkle-original]                 Book.java:473  | 1 sheet in /var/www/html/uploads/Eb$C$1568492812_twinkle-original.pdf
2019-09-14 20:26:54,190 INFO []                 Book.java:1660 | Stored /book.xml
2019-09-14 20:26:54,191 INFO []                 Book.java:1613 | Book stored as /var/www/html/mxl/original/Eb$C$1568492812_twinkle-original/Eb$C$1568492812_twinkle-original.omr
2019-09-14 20:26:54,194 INFO []                 Book.java:1327 | Book reaching PAGE on sheets:[#1]
2019-09-14 20:26:54,196 INFO [Eb$C$1568492812_twinkle-original]       StepMonitoring.java:93   | LOAD
2019-09-14 20:26:54,483 INFO [Eb$C$1568492812_twinkle-original]                 Book.java:1226 | Loaded image 1 2549x3299 from /var/www/html/uploads/Eb$C$1568492812_twinkle-original.pdf
2019-09-14 20:26:54,487 INFO [Eb$C$1568492812_twinkle-original]       StepMonitoring.java:93   | BINARY
2019-09-14 20:26:55,295 INFO [Eb$C$1568492812_twinkle-original]       StepMonitoring.java:93   | SCALE
2019-09-14 20:26:55,330 INFO [Eb$C$1568492812_twinkle-original]         ScaleBuilder.java:557  | Second combo peak too different (170,171,171), ignored
2019-09-14 20:26:55,334 INFO [Eb$C$1568492812_twinkle-original]         ScaleBuilder.java:492  | Beam minHeight:6 maxHeight:19 quorum:1793
2019-09-14 20:26:55,335 INFO [Eb$C$1568492812_twinkle-original]         ScaleBuilder.java:235  | No beam key found, guessed value: 12
2019-09-14 20:26:55,335 INFO [Eb$C$1568492812_twinkle-original]            ScaleStep.java:84   | Scale{line(3,3,4) interline(21,21,22) beam(12 extra)}
2019-09-14 20:26:55,336 INFO [Eb$C$1568492812_twinkle-original]       StepMonitoring.java:93   | GRID
2019-09-14 20:26:55,639 INFO [Eb$C$1568492812_twinkle-original]       LinesRetriever.java:447  | Global slope: 0.00000
2019-09-14 20:26:55,681 INFO [Eb$C$1568492812_twinkle-original]    ClustersRetriever.java:235  | Retrieved line clusters: 8 of size: 5 with interline: interline(21,21,22)
2019-09-14 20:26:55,896 INFO [Eb$C$1568492812_twinkle-original]            PeakGraph.java:177  | Systems: #1[1, 2] #2[3, 4] #3[5, 6] #4[7, 8]
2019-09-14 20:26:56,242 INFO [Eb$C$1568492812_twinkle-original]        SystemManager.java:648  | Indentation detected for system#1
2019-09-14 20:26:56,243 INFO [Eb$C$1568492812_twinkle-original]        SystemManager.java:731  | 1 part along 4 systems
2019-09-14 20:26:56,245 INFO [Eb$C$1568492812_twinkle-original]       StepMonitoring.java:93   | HEADERS
2019-09-14 20:26:56,441 INFO [Eb$C$1568492812_twinkle-original]      BasicClassifier.java:362  | Classifier loaded XML norms.
2019-09-14 20:26:56,445 INFO [Eb$C$1568492812_twinkle-original]   AbstractClassifier.java:348  | Classifier data loaded from default uri file:///home/shintyl/audiveris/res/basic-classifier.zip
2019-09-14 20:26:57,354 INFO [Eb$C$1568492812_twinkle-original]       StepMonitoring.java:93   | STEM_SEEDS
2019-09-14 20:26:57,434 INFO [Eb$C$1568492812_twinkle-original]        StemSeedsStep.java:93   | stem(3 max:4)
2019-09-14 20:26:57,491 INFO [Eb$C$1568492812_twinkle-original]       StepMonitoring.java:93   | BEAMS
2019-09-14 20:27:02,670 INFO [Eb$C$1568492812_twinkle-original]       BlackHeadSizer.java:95   | Spots black-head retrieval diameter: 18.9
2019-09-14 20:27:02,772 INFO [Eb$C$1568492812_twinkle-original]       BlackHeadSizer.java:243  | Core black head count: 26 blackHead(width:26.1~0.3 height:22.7~1.5)
2019-09-14 20:27:02,775 INFO [Eb$C$1568492812_twinkle-original]       BlackHeadSizer.java:248  | MusicFont{name:MusicalSymbols pointSize:87}
2019-09-14 20:27:02,876 INFO [Eb$C$1568492812_twinkle-original]       StepMonitoring.java:93   | LEDGERS
2019-09-14 20:27:03,222 INFO [Eb$C$1568492812_twinkle-original]       StepMonitoring.java:93   | HEADS
2019-09-14 20:27:06,011 INFO [Eb$C$1568492812_twinkle-original]       StepMonitoring.java:93   | STEMS
2019-09-14 20:27:06,184 INFO [Eb$C$1568492812_twinkle-original]       StepMonitoring.java:93   | REDUCTION
2019-09-14 20:27:06,221 INFO [Eb$C$1568492812_twinkle-original]       StepMonitoring.java:93   | CUE_BEAMS
2019-09-14 20:27:06,223 INFO [Eb$C$1568492812_twinkle-original]       StepMonitoring.java:93   | TEXTS
2019-09-14 20:27:06,225 WARN [Eb$C$1568492812_twinkle-original]            TextsStep.java:82   | TEXTS step: No OCR is available!
2019-09-14 20:27:06,232 INFO [Eb$C$1568492812_twinkle-original]       StepMonitoring.java:93   | MEASURES
2019-09-14 20:27:06,242 INFO [Eb$C$1568492812_twinkle-original]                 Page.java:251  | 24 raw measures: [6 in system#1, 6 in system#2, 6 in system#3, 6 in system#4]
2019-09-14 20:27:06,243 INFO [Eb$C$1568492812_twinkle-original]       StepMonitoring.java:93   | CHORDS
2019-09-14 20:27:06,261 INFO [Eb$C$1568492812_twinkle-original]       StepMonitoring.java:93   | CURVES
2019-09-14 20:27:07,691 INFO [Eb$C$1568492812_twinkle-original]         SlursBuilder.java:156  | Slurs: 5
2019-09-14 20:27:07,707 INFO [Eb$C$1568492812_twinkle-original]      SegmentsBuilder.java:110  | Segments: 6
2019-09-14 20:27:07,711 INFO [Eb$C$1568492812_twinkle-original]       StepMonitoring.java:93   | SYMBOLS
2019-09-14 20:27:08,047 INFO [Eb$C$1568492812_twinkle-original]         InterFactory.java:517  | No support yet for TIME_ZERO
2019-09-14 20:27:08,151 INFO [Eb$C$1568492812_twinkle-original]       SymbolsBuilder.java:331  | Symbol parts shrunk from 8 to 7
2019-09-14 20:27:08,253 INFO [Eb$C$1568492812_twinkle-original]       SymbolsBuilder.java:331  | Symbol parts shrunk from 24 to 7
2019-09-14 20:27:08,302 INFO [Eb$C$1568492812_twinkle-original]       SymbolsBuilder.java:331  | Symbol parts shrunk from 11 to 7
2019-09-14 20:27:08,343 INFO [Eb$C$1568492812_twinkle-original]       SymbolsBuilder.java:331  | Symbol parts shrunk from 9 to 7
2019-09-14 20:27:08,371 INFO [Eb$C$1568492812_twinkle-original]         InterFactory.java:517  | No support yet for TIME_ZERO
2019-09-14 20:27:08,376 INFO [Eb$C$1568492812_twinkle-original]         InterFactory.java:517  | No support yet for TIME_ZERO
2019-09-14 20:27:08,402 INFO [Eb$C$1568492812_twinkle-original]       SymbolsBuilder.java:331  | Symbol parts shrunk from 17 to 7
2019-09-14 20:27:08,440 INFO [Eb$C$1568492812_twinkle-original]       StepMonitoring.java:93   | LINKS
2019-09-14 20:27:08,457 INFO [Eb$C$1568492812_twinkle-original]       StepMonitoring.java:93   | RHYTHMS
2019-09-14 20:27:08,493 INFO [Eb$C$1568492812_twinkle-original]       StepMonitoring.java:93   | PAGE
2019-09-14 20:27:08,498 INFO [Eb$C$1568492812_twinkle-original]            SheetStub.java:974  | Stub#1 storing
2019-09-14 20:27:08,501 INFO [Eb$C$1568492812_twinkle-original]                 Book.java:1660 | Stored /book.xml
2019-09-14 20:27:08,690 INFO [Eb$C$1568492812_twinkle-original]              Picture.java:784  | Stored /sheet#1/BINARY.xml
2019-09-14 20:27:09,240 INFO [Eb$C$1568492812_twinkle-original]                Sheet.java:1246 | Stored /sheet#1/sheet#1.xml
2019-09-14 20:27:09,242 INFO [Eb$C$1568492812_twinkle-original]            SheetStub.java:979  | Sheet{Eb$C$1568492812_twinkle-original} disposed
2019-09-14 20:27:09,728 INFO [Eb$C$1568492812_twinkle-original]            SheetStub.java:632  | Loaded /sheet#1/sheet#1.xml
2019-09-14 20:27:09,730 INFO [Eb$C$1568492812_twinkle-original]                 Book.java:1451 | Scores built: 1
2019-09-14 20:27:10,560 INFO [Eb$C$1568492812_twinkle-original]        ScoreExporter.java:88   | Score Eb$C$1568492812_twinkle-original exported to /var/www/html/mxl/original/Eb$C$1568492812_twinkle-original/Eb$C$1568492812_twinkle-original.mxl
2019-09-14 20:27:10,674 INFO [Eb$C$1568492812_twinkle-original]                 Book.java:1660 | Stored /book.xml
2019-09-14 20:27:10,674 INFO [Eb$C$1568492812_twinkle-original]                 Book.java:1613 | Book stored as /var/www/html/mxl/original/Eb$C$1568492812_twinkle-original/Eb$C$1568492812_twinkle-original.omr
